{"C:\\Users\\leigh\\Revature\\projects\\WordsAway-P3-Frontend\\src\\components\\Login.tsx": {"path":"C:\\Users\\leigh\\Revature\\projects\\WordsAway-P3-Frontend\\src\\components\\Login.tsx","statementMap":{"0":{"start":{"line":1,"column":0},"end":{"line":1,"column":39}},"1":{"start":{"line":2,"column":0},"end":{"line":2,"column":42}},"2":{"start":{"line":3,"column":0},"end":{"line":3,"column":44}},"3":{"start":{"line":4,"column":0},"end":{"line":4,"column":32}},"4":{"start":{"line":8,"column":14},"end":{"line":117,"column":1}},"5":{"start":{"line":9,"column":34},"end":{"line":9,"column":46}},"6":{"start":{"line":10,"column":34},"end":{"line":10,"column":46}},"7":{"start":{"line":11,"column":28},"end":{"line":11,"column":40}},"8":{"start":{"line":12,"column":32},"end":{"line":12,"column":44}},"9":{"start":{"line":13,"column":32},"end":{"line":13,"column":46}},"10":{"start":{"line":16,"column":4},"end":{"line":16,"column":null}},"11":{"start":{"line":20,"column":4},"end":{"line":20,"column":null}},"12":{"start":{"line":24,"column":4},"end":{"line":24,"column":null}},"13":{"start":{"line":28,"column":4},"end":{"line":28,"column":null}},"14":{"start":{"line":32,"column":4},"end":{"line":32,"column":25}},"15":{"start":{"line":36,"column":4},"end":{"line":36,"column":null}},"16":{"start":{"line":37,"column":15},"end":{"line":37,"column":17}},"17":{"start":{"line":38,"column":4},"end":{"line":40,"column":null}},"18":{"start":{"line":39,"column":6},"end":{"line":39,"column":null}},"19":{"start":{"line":41,"column":15},"end":{"line":41,"column":61}},"20":{"start":{"line":42,"column":4},"end":{"line":52,"column":null}},"21":{"start":{"line":47,"column":6},"end":{"line":47,"column":null}},"22":{"start":{"line":48,"column":6},"end":{"line":48,"column":null}},"23":{"start":{"line":49,"column":6},"end":{"line":49,"column":null}},"24":{"start":{"line":50,"column":6},"end":{"line":50,"column":null}},"25":{"start":{"line":52,"column":25},"end":{"line":52,"column":40}},"26":{"start":{"line":56,"column":4},"end":{"line":56,"column":null}},"27":{"start":{"line":57,"column":15},"end":{"line":57,"column":17}},"28":{"start":{"line":58,"column":4},"end":{"line":60,"column":null}},"29":{"start":{"line":59,"column":6},"end":{"line":59,"column":null}},"30":{"start":{"line":61,"column":4},"end":{"line":64,"column":null}},"31":{"start":{"line":62,"column":6},"end":{"line":62,"column":null}},"32":{"start":{"line":63,"column":6},"end":{"line":63,"column":12}},"33":{"start":{"line":65,"column":15},"end":{"line":65,"column":61}},"34":{"start":{"line":66,"column":4},"end":{"line":73,"column":null}},"35":{"start":{"line":72,"column":17},"end":{"line":72,"column":47}},"36":{"start":{"line":73,"column":17},"end":{"line":73,"column":31}},"37":{"start":{"line":77,"column":2},"end":{"line":116,"column":null}},"38":{"start":{"line":119,"column":0},"end":{"line":119,"column":null}}},"fnMap":{"0":{"name":"(anonymous_1)","decl":{"start":{"line":8,"column":14},"end":{"line":8,"column":17}},"loc":{"start":{"line":8,"column":19},"end":{"line":117,"column":1}}},"1":{"name":"updateUsername","decl":{"start":{"line":15,"column":11},"end":{"line":15,"column":25}},"loc":{"start":{"line":15,"column":68},"end":{"line":17,"column":3}}},"2":{"name":"updatePassword","decl":{"start":{"line":19,"column":11},"end":{"line":19,"column":25}},"loc":{"start":{"line":19,"column":68},"end":{"line":21,"column":3}}},"3":{"name":"updateEmail","decl":{"start":{"line":23,"column":11},"end":{"line":23,"column":22}},"loc":{"start":{"line":23,"column":65},"end":{"line":25,"column":3}}},"4":{"name":"updateConfirm","decl":{"start":{"line":27,"column":11},"end":{"line":27,"column":24}},"loc":{"start":{"line":27,"column":67},"end":{"line":29,"column":3}}},"5":{"name":"toggleLogin","decl":{"start":{"line":31,"column":11},"end":{"line":31,"column":22}},"loc":{"start":{"line":31,"column":22},"end":{"line":33,"column":3}}},"6":{"name":"login","decl":{"start":{"line":35,"column":17},"end":{"line":35,"column":22}},"loc":{"start":{"line":35,"column":62},"end":{"line":53,"column":3}}},"7":{"name":"(anonymous_8)","decl":{"start":{"line":38,"column":73},"end":{"line":38,"column":74}},"loc":{"start":{"line":38,"column":101},"end":{"line":40,"column":5}}},"8":{"name":"(anonymous_9)","decl":{"start":{"line":46,"column":10},"end":{"line":46,"column":11}},"loc":{"start":{"line":46,"column":23},"end":{"line":51,"column":5}}},"9":{"name":"(anonymous_10)","decl":{"start":{"line":52,"column":11},"end":{"line":52,"column":12}},"loc":{"start":{"line":52,"column":25},"end":{"line":52,"column":40}}},"10":{"name":"signup","decl":{"start":{"line":55,"column":17},"end":{"line":55,"column":23}},"loc":{"start":{"line":55,"column":63},"end":{"line":74,"column":3}}},"11":{"name":"(anonymous_12)","decl":{"start":{"line":58,"column":37},"end":{"line":58,"column":38}},"loc":{"start":{"line":58,"column":65},"end":{"line":60,"column":5}}},"12":{"name":"(anonymous_13)","decl":{"start":{"line":72,"column":10},"end":{"line":72,"column":13}},"loc":{"start":{"line":72,"column":17},"end":{"line":72,"column":47}}},"13":{"name":"(anonymous_14)","decl":{"start":{"line":73,"column":11},"end":{"line":73,"column":14}},"loc":{"start":{"line":73,"column":17},"end":{"line":73,"column":31}}}},"branchMap":{"0":{"loc":{"start":{"line":61,"column":4},"end":{"line":64,"column":null}},"type":"if","locations":[{"start":{"line":61,"column":4},"end":{"line":64,"column":null}}]},"1":{"loc":{"start":{"line":86,"column":9},"end":{"line":110,"column":null}},"type":"cond-expr","locations":[{"start":{"line":86,"column":18},"end":{"line":94,"column":null}},{"start":{"line":98,"column":6},"end":{"line":110,"column":null}}]}},"s":{"0":1,"1":1,"2":1,"3":1,"4":1,"5":0,"6":0,"7":0,"8":0,"9":0,"10":0,"11":0,"12":0,"13":0,"14":0,"15":0,"16":0,"17":0,"18":0,"19":0,"20":0,"21":0,"22":0,"23":0,"24":0,"25":0,"26":0,"27":0,"28":0,"29":0,"30":0,"31":0,"32":0,"33":0,"34":0,"35":0,"36":0,"37":0,"38":1},"f":{"0":0,"1":0,"2":0,"3":0,"4":0,"5":0,"6":0,"7":0,"8":0,"9":0,"10":0,"11":0,"12":0,"13":0},"b":{"0":[0],"1":[0,0]}}
,"C:\\Users\\leigh\\Revature\\projects\\WordsAway-P3-Frontend\\src\\utils\\ApiConfig.ts": {"path":"C:\\Users\\leigh\\Revature\\projects\\WordsAway-P3-Frontend\\src\\utils\\ApiConfig.ts","statementMap":{"0":{"start":{"line":1,"column":0},"end":{"line":1,"column":49}},"1":{"start":{"line":3,"column":13},"end":{"line":3,"column":null}},"2":{"start":{"line":6,"column":18},"end":{"line":11,"column":2}},"3":{"start":{"line":13,"column":0},"end":{"line":24,"column":null}},"4":{"start":{"line":15,"column":4},"end":{"line":18,"column":null}},"5":{"start":{"line":16,"column":18},"end":{"line":16,"column":49}},"6":{"start":{"line":17,"column":6},"end":{"line":17,"column":null}},"7":{"start":{"line":17,"column":26},"end":{"line":17,"column":null}},"8":{"start":{"line":19,"column":4},"end":{"line":19,"column":null}},"9":{"start":{"line":22,"column":4},"end":{"line":22,"column":null}},"10":{"start":{"line":26,"column":0},"end":{"line":26,"column":null}}},"fnMap":{"0":{"name":"(anonymous_1)","decl":{"start":{"line":14,"column":2},"end":{"line":14,"column":12}},"loc":{"start":{"line":14,"column":39},"end":{"line":20,"column":3}}},"1":{"name":"(anonymous_2)","decl":{"start":{"line":21,"column":2},"end":{"line":21,"column":3}},"loc":{"start":{"line":21,"column":12},"end":{"line":23,"column":3}}}},"branchMap":{"0":{"loc":{"start":{"line":15,"column":4},"end":{"line":18,"column":null}},"type":"if","locations":[{"start":{"line":15,"column":4},"end":{"line":18,"column":null}}]},"1":{"loc":{"start":{"line":15,"column":8},"end":{"line":15,"column":62}},"type":"binary-expr","locations":[{"start":{"line":15,"column":8},"end":{"line":15,"column":29}},{"start":{"line":15,"column":33},"end":{"line":15,"column":62}}]},"2":{"loc":{"start":{"line":17,"column":6},"end":{"line":17,"column":null}},"type":"if","locations":[{"start":{"line":17,"column":6},"end":{"line":17,"column":null}}]}},"s":{"0":1,"1":1,"2":1,"3":1,"4":0,"5":0,"6":0,"7":0,"8":0,"9":0,"10":1},"f":{"0":0,"1":0},"b":{"0":[0],"1":[0,0],"2":[0]}}
}
