TN:
SF:src\components\Login.tsx
FN:8,(anonymous_1)
FN:15,updateUsername
FN:19,updatePassword
FN:23,updateEmail
FN:27,updateConfirm
FN:31,toggleLogin
FN:35,login
FN:38,(anonymous_8)
FN:46,(anonymous_9)
FN:52,(anonymous_10)
FN:55,signup
FN:58,(anonymous_12)
FN:72,(anonymous_13)
FN:73,(anonymous_14)
FNF:14
FNH:0
FNDA:0,(anonymous_1)
FNDA:0,updateUsername
FNDA:0,updatePassword
FNDA:0,updateEmail
FNDA:0,updateConfirm
FNDA:0,toggleLogin
FNDA:0,login
FNDA:0,(anonymous_8)
FNDA:0,(anonymous_9)
FNDA:0,(anonymous_10)
FNDA:0,signup
FNDA:0,(anonymous_12)
FNDA:0,(anonymous_13)
FNDA:0,(anonymous_14)
DA:1,1
DA:2,1
DA:3,1
DA:4,1
DA:8,1
DA:9,0
DA:10,0
DA:11,0
DA:12,0
DA:13,0
DA:16,0
DA:20,0
DA:24,0
DA:28,0
DA:32,0
DA:36,0
DA:37,0
DA:38,0
DA:39,0
DA:41,0
DA:42,0
DA:47,0
DA:48,0
DA:49,0
DA:50,0
DA:52,0
DA:56,0
DA:57,0
DA:58,0
DA:59,0
DA:61,0
DA:62,0
DA:63,0
DA:65,0
DA:66,0
DA:72,0
DA:73,0
DA:77,0
DA:119,1
LF:39
LH:6
BRDA:61,0,0,0
BRDA:86,1,0,0
BRDA:86,1,1,0
BRF:3
BRH:0
end_of_record
TN:
SF:src\utils\ApiConfig.ts
FN:14,(anonymous_1)
FN:21,(anonymous_2)
FNF:2
FNH:0
FNDA:0,(anonymous_1)
FNDA:0,(anonymous_2)
DA:1,1
DA:3,1
DA:6,1
DA:13,1
DA:15,0
DA:16,0
DA:17,0
DA:19,0
DA:22,0
DA:26,1
LF:10
LH:5
BRDA:15,0,0,0
BRDA:15,1,0,0
BRDA:15,1,1,0
BRDA:17,2,0,0
BRF:4
BRH:0
end_of_record
